生成启动时间为 2015-10-08 9:24:13。
     1>项目“L:\workspace\hanshu\hanshu\hanshu.vcxproj”在节点 2 上(build 个目标)。
     1>InitializeBuildStatus:
         正在对“Debug\hanshu.unsuccessfulbuild”执行 Touch 任务。
       ClCompile:
         d:\Program Files (x86)\Microsoft Visual Studio 10.0\VC\bin\CL.exe /c /ZI /nologo /W3 /WX- /Od /Oy- /D WIN32 /D _DEBUG /D _CONSOLE /D _UNICODE /D UNICODE /Gm /EHsc /RTC1 /MDd /GS /fp:precise /Zc:wchar_t /Zc:forScope /Fo"Debug\\" /Fd"Debug\vc100.pdb" /Gd /TP /analyze- /errorReport:prompt hanshu.cpp
         hanshu.cpp
       ManifestResourceCompile:
         C:\Program Files (x86)\Microsoft SDKs\Windows\v7.0A\bin\rc.exe /nologo /fo"Debug\hanshu.exe.embed.manifest.res" Debug\hanshu_manifest.rc 
       Link:
         d:\Program Files (x86)\Microsoft Visual Studio 10.0\VC\bin\link.exe /ERRORREPORT:PROMPT /OUT:"L:\workspace\hanshu\Debug\hanshu.exe" /INCREMENTAL /NOLOGO kernel32.lib user32.lib gdi32.lib winspool.lib comdlg32.lib advapi32.lib shell32.lib ole32.lib oleaut32.lib uuid.lib odbc32.lib odbccp32.lib /MANIFEST /ManifestFile:"Debug\hanshu.exe.intermediate.manifest" /MANIFESTUAC:"level='asInvoker' uiAccess='false'" /DEBUG /PDB:"L:\workspace\hanshu\Debug\hanshu.pdb" /SUBSYSTEM:CONSOLE /TLBID:1 /DYNAMICBASE /NXCOMPAT /IMPLIB:"L:\workspace\hanshu\Debug\hanshu.lib" /MACHINE:X86 Debug\hanshu.exe.embed.manifest.res
         Debug\hanshu.obj
       Manifest:
         C:\Program Files (x86)\Microsoft SDKs\Windows\v7.0A\bin\mt.exe /nologo /verbose /out:"Debug\hanshu.exe.embed.manifest" /manifest Debug\hanshu.exe.intermediate.manifest
         C:\Program Files (x86)\Microsoft SDKs\Windows\v7.0A\bin\rc.exe /nologo /fo"Debug\hanshu.exe.embed.manifest.res" Debug\hanshu_manifest.rc 
       LinkEmbedManifest:
         d:\Program Files (x86)\Microsoft Visual Studio 10.0\VC\bin\link.exe /ERRORREPORT:PROMPT /OUT:"L:\workspace\hanshu\Debug\hanshu.exe" /INCREMENTAL /NOLOGO kernel32.lib user32.lib gdi32.lib winspool.lib comdlg32.lib advapi32.lib shell32.lib ole32.lib oleaut32.lib uuid.lib odbc32.lib odbccp32.lib /MANIFEST /ManifestFile:"Debug\hanshu.exe.intermediate.manifest" /MANIFESTUAC:"level='asInvoker' uiAccess='false'" /DEBUG /PDB:"L:\workspace\hanshu\Debug\hanshu.pdb" /SUBSYSTEM:CONSOLE /TLBID:1 /DYNAMICBASE /NXCOMPAT /IMPLIB:"L:\workspace\hanshu\Debug\hanshu.lib" /MACHINE:X86 Debug\hanshu.exe.embed.manifest.res
         Debug\hanshu.obj
         hanshu.vcxproj -> L:\workspace\hanshu\Debug\hanshu.exe
       FinalizeBuildStatus:
         正在删除文件“Debug\hanshu.unsuccessfulbuild”。
         正在对“Debug\hanshu.lastbuildstate”执行 Touch 任务。
     1>已完成生成项目“L:\workspace\hanshu\hanshu\hanshu.vcxproj”(build 个目标)的操作。

生成成功。

已用时间 00:00:01.71
